<?xml version="1.0" encoding="UTF-8" ?>
<testsuite tests="32" failures="0" name="cucumberOptions.TestRunner" time="0.012" errors="0" skipped="0">
  <properties>
[...]
</properties>
  <testcase classname="Scenario: Home page default login" name="Given validate the browser" time="0.006"/>
  <testcase classname="Scenario: Home page default login" name="When Browser is triggered" time="0"/>
  <testcase classname="Scenario: Home page default login" name="Then check if browser is started" time="0"/>
  <testcase classname="Scenario: Home page default login" name="Given User is on NetBanking landing page" time="0"/>
  <testcase classname="Scenario: Home page default login" name="When User login into application with &quot;jin&quot; and password &quot;1234&quot;" time="0"/>
  <testcase classname="Scenario: Home page default login" name="Then Home page is populated" time="0"/>
  <testcase classname="Scenario: Home page default login" name="And Cards displayed are &quot;true&quot;" time="0"/>
  <testcase classname="Scenario: Home page default login" name="Scenario: Home page default login" time="0.003"/>
  <testcase classname="Scenario: Home page default login" name="Given validate the browser" time="0"/>
  <testcase classname="Scenario: Home page default login" name="When Browser is triggered" time="0"/>
  <testcase classname="Scenario: Home page default login" name="Then check if browser is started" time="0"/>
  <testcase classname="Scenario: Home page default login" name="Given User is on NetBanking landing page" time="0"/>
  <testcase classname="Scenario: Home page default login" name="When User login into application with &quot;john&quot; and password &quot;4321&quot;" time="0"/>
  <testcase classname="Scenario: Home page default login" name="Then Home page is populated" time="0"/>
  <testcase classname="Scenario: Home page default login" name="And Cards displayed are &quot;false&quot;" time="0"/>
  <testcase classname="Scenario: Home page default login" name="Scenario: Home page default login" time="0.001"/>
  <testcase classname="Scenario: Home page default login" name="Given validate the browser" time="0"/>
  <testcase classname="Scenario: Home page default login" name="When Browser is triggered" time="0"/>
  <testcase classname="Scenario: Home page default login" name="Then check if browser is started" time="0"/>
  <testcase classname="Scenario: Home page default login" name="Given User is on NetBanking landing page" time="0"/>
  <testcase classname="Scenario: Home page default login" name="When User login into application with &quot;john&quot; and password &quot;4321&quot;" time="0"/>
  <testcase classname="Scenario: Home page default login" name="Then Home page is populated" time="0"/>
  <testcase classname="Scenario: Home page default login" name="And Cards displayed are &quot;false&quot;" time="0"/>
  <testcase classname="Scenario: Home page default login" name="Scenario: Home page default login" time="0.002"/>
  <testcase classname="Scenario: Home page default login" name="Given validate the browser" time="0"/>
  <testcase classname="Scenario: Home page default login" name="When Browser is triggered" time="0"/>
  <testcase classname="Scenario: Home page default login" name="Then check if browser is started" time="0"/>
  <testcase classname="Scenario: Home page default login" name="Given User is on NetBanking landing page" time="0"/>
  <testcase classname="Scenario: Home page default login" name="When User sign up with following details" time="0"/>
  <testcase classname="Scenario: Home page default login" name="Then Home page is populated" time="0"/>
  <testcase classname="Scenario: Home page default login" name="And Cards displayed are &quot;false&quot;" time="0"/>
  <testcase classname="Scenario: Home page default login" name="Scenario: Home page default login" time="0"/>
</testsuite>